<?xml version="1.0" encoding="UTF-8"?>
<!-- Generated by org.testng.reporters.JUnitReportReporter -->
<testsuite hostname="LAPTOP-C50CP82R" failures="0" tests="1" name="loggerPack.TestNGClass" time="6.993" errors="0" timestamp="2023-10-19T21:10:23 EDT" skipped="0">
  <testcase classname="loggerPack.TestNGClass" name="f" time="6.993"/>
</testsuite> <!-- loggerPack.TestNGClass -->
