<?xml version="1.0" encoding="UTF-8"?>
<!-- Generated by org.testng.reporters.JUnitReportReporter -->
<testsuite hostname="LAPTOP-C50CP82R" failures="0" tests="5" name="Pkg_Extent.NewTest" time="0.022" errors="0" timestamp="2023-10-20T02:05:50 EDT" skipped="0">
  <testcase classname="Pkg_Extent.NewTest" name="test4" time="0.001"/>
  <testcase classname="Pkg_Extent.NewTest" name="test1" time="0.016"/>
  <testcase classname="Pkg_Extent.NewTest" name="test5" time="0.002"/>
  <testcase classname="Pkg_Extent.NewTest" name="test2" time="0.002"/>
  <testcase classname="Pkg_Extent.NewTest" name="test3" time="0.001"/>
</testsuite> <!-- Pkg_Extent.NewTest -->
